2024-09-09 16:26:25.742 [info] Extension host with pid 10627 started
2024-09-09 16:26:25.761 [info] Lock '/root/.vscode-server/data/User/workspaceStorage/85a7e0d3b0cee6c875504defe06347bf/vscode.lock': Lock acquired.
2024-09-09 16:26:25.793 [info] ExtensionService#_doActivateExtension vscode.git-base, startup: true, activationEvent: '*', root cause: vscode.git
2024-09-09 16:26:25.826 [info] ExtensionService#_doActivateExtension vscode.git, startup: true, activationEvent: '*'
2024-09-09 16:26:25.826 [info] ExtensionService#_doActivateExtension vscode.github, startup: true, activationEvent: '*'
2024-09-09 16:26:26.115 [info] Eager extensions activated
2024-09-09 16:26:26.116 [info] ExtensionService#_doActivateExtension vscode.debug-auto-launch, startup: false, activationEvent: 'onStartupFinished'
2024-09-09 16:26:26.118 [info] ExtensionService#_doActivateExtension vscode.merge-conflict, startup: false, activationEvent: 'onStartupFinished'
2024-09-09 16:26:41.696 [info] ExtensionService#_doActivateExtension vscode.emmet, startup: false, activationEvent: 'onLanguage'
2024-09-09 16:26:41.760 [warning] [Decorations] CAPPING events from decorations provider vscode.git 1346
2024-09-09 16:26:42.797 [error] Error: No such branch: main.
	at N.getBranch (/root/.vscode-server/bin/4849ca9bdf9666755eb463db297b69e5385090e3/extensions/git/dist/main.js:2:937115)
	at async T.retryRun (/root/.vscode-server/bin/4849ca9bdf9666755eb463db297b69e5385090e3/extensions/git/dist/main.js:2:1032816)
	at async T.run (/root/.vscode-server/bin/4849ca9bdf9666755eb463db297b69e5385090e3/extensions/git/dist/main.js:2:1032420)
	at async T.getBranch (/root/.vscode-server/bin/4849ca9bdf9666755eb463db297b69e5385090e3/extensions/git/dist/main.js:2:1020563)
	at async T.getBranchBase (/root/.vscode-server/bin/4849ca9bdf9666755eb463db297b69e5385090e3/extensions/git/dist/main.js:2:1020849)
	at async t.GitHistoryProvider.resolveHEADMergeBase (/root/.vscode-server/bin/4849ca9bdf9666755eb463db297b69e5385090e3/extensions/git/dist/main.js:2:948410)
	at async t.GitHistoryProvider.onDidRunGitStatus (/root/.vscode-server/bin/4849ca9bdf9666755eb463db297b69e5385090e3/extensions/git/dist/main.js:2:941737)
2024-09-09 16:26:45.578 [warning] [Decorations] CAPPING events from decorations provider vscode.git 1346
2024-09-09 16:28:09.551 [info] ExtensionService#_doActivateExtension vscode.npm, startup: false, activationEvent: 'onTerminalQuickFixRequest:ms-vscode.npm-command'
2024-09-09 16:28:14.873 [info] ExtensionService#_doActivateExtension vscode.configuration-editing, startup: false, activationEvent: 'onLanguage:json'
2024-09-09 16:28:14.874 [info] ExtensionService#_doActivateExtension vscode.extension-editing, startup: false, activationEvent: 'onLanguage:json'
2024-09-09 16:28:14.874 [info] ExtensionService#_doActivateExtension vscode.json-language-features, startup: false, activationEvent: 'onLanguage:json'
2024-09-09 16:37:26.878 [info] ExtensionService#_doActivateExtension vscode.markdown-language-features, startup: false, activationEvent: 'onLanguage:markdown'
2024-09-09 16:37:27.403 [info] ExtensionService#_doActivateExtension vscode.markdown-math, startup: false, activationEvent: 'api', root cause: vscode.markdown-language-features
