2024-09-09 16:26:26.258 [info] [main] Log level: Info
2024-09-09 16:26:26.258 [info] [main] Validating found git in: "git"
2024-09-09 16:26:26.258 [info] [main] Using git "2.43.0" from "git"
2024-09-09 16:26:26.258 [info] [Model][doInitialScan] Initial repository scan started
2024-09-09 16:26:26.258 [info] > git rev-parse --show-toplevel [9ms]
2024-09-09 16:26:26.258 [info] fatal: not a git repository (or any of the parent directories): .git
2024-09-09 16:26:26.258 [info] > git rev-parse --show-toplevel [4ms]
2024-09-09 16:26:26.258 [info] fatal: not a git repository (or any of the parent directories): .git
2024-09-09 16:26:26.259 [info] > git rev-parse --show-toplevel [3ms]
2024-09-09 16:26:26.259 [info] fatal: not a git repository (or any of the parent directories): .git
2024-09-09 16:26:26.263 [info] [Model][doInitialScan] Initial repository scan completed - repositories (0), closed repositories (0), parent repositories (0), unsafe repositories (0)
2024-09-09 16:26:41.614 [info] > git init -b main [6ms]
2024-09-09 16:26:41.617 [info] > git rev-parse --show-toplevel [1ms]
2024-09-09 16:26:41.622 [info] > git rev-parse --git-dir --git-common-dir [2ms]
2024-09-09 16:26:41.635 [info] [Model][openRepository] Opened repository: /root
2024-09-09 16:26:41.646 [info] > git fetch [11ms]
2024-09-09 16:26:41.652 [info] > git config --get commit.template [6ms]
2024-09-09 16:26:41.653 [info] > git config --get commit.template [2ms]
2024-09-09 16:26:41.654 [info] [Git][getRemotes] No remotes found in the git config file
2024-09-09 16:26:41.667 [info] [Git][getRemotes] No remotes found in the git config file
2024-09-09 16:26:41.669 [info] > git for-each-ref --format=%(refname)%00%(upstream:short)%00%(objectname)%00%(upstream:track)%00%(upstream:remotename)%00%(upstream:remoteref) refs/heads/main refs/remotes/main [11ms]
2024-09-09 16:26:41.670 [warning] [Git][getBranch] No such branch: main
2024-09-09 16:26:41.684 [info] > git for-each-ref --format=%(refname)%00%(upstream:short)%00%(objectname)%00%(upstream:track)%00%(upstream:remotename)%00%(upstream:remoteref) refs/heads/main refs/remotes/main [17ms]
2024-09-09 16:26:41.685 [warning] [Git][getBranch] No such branch: main
2024-09-09 16:26:41.718 [info] > git config --get commit.template [35ms]
2024-09-09 16:26:41.722 [info] [Git][getRemotes] No remotes found in the git config file
2024-09-09 16:26:41.722 [info] > git for-each-ref --format=%(refname)%00%(upstream:short)%00%(objectname)%00%(upstream:track)%00%(upstream:remotename)%00%(upstream:remoteref) refs/heads/main refs/remotes/main [1ms]
2024-09-09 16:26:41.722 [warning] [Git][getBranch] No such branch: main
2024-09-09 16:26:41.735 [info] > git status -z -uall [9ms]
2024-09-09 16:26:41.792 [info] > git for-each-ref --format=%(refname)%00%(upstream:short)%00%(objectname)%00%(upstream:track)%00%(upstream:remotename)%00%(upstream:remoteref) refs/heads/main refs/remotes/main [49ms]
2024-09-09 16:26:41.792 [warning] [Git][getBranch] No such branch: main
2024-09-09 16:26:42.752 [info] > git check-ignore -v -z --stdin [0ms]
2024-09-09 16:26:44.749 [info] > git check-ignore -v -z --stdin [1ms]
